  stdafx.cpp
c:\users\lsk23\source\repos\knabin\mintchoco\teampp\camera.h(95): warning C4244: '=': 'int'에서 'float'(으)로 변환하면서 데이터가 손실될 수 있습니다.
c:\users\lsk23\source\repos\knabin\mintchoco\teampp\camera.h(98): warning C4244: '=': 'int'에서 'float'(으)로 변환하면서 데이터가 손실될 수 있습니다.
c:\users\lsk23\source\repos\knabin\mintchoco\teampp\camera.h(122): warning C4244: 'return': 'float'에서 'int'(으)로 변환하면서 데이터가 손실될 수 있습니다.
c:\users\lsk23\source\repos\knabin\mintchoco\teampp\camera.h(127): warning C4244: 'return': 'float'에서 'int'(으)로 변환하면서 데이터가 손실될 수 있습니다.
c:\users\lsk23\source\repos\knabin\mintchoco\teampp\camera.h(138): warning C4244: '인수': 'float'에서 'int'(으)로 변환하면서 데이터가 손실될 수 있습니다.
  animation.cpp
  boss.cpp
c:\users\lsk23\source\repos\knabin\mintchoco\teampp\enemy.h(137): warning C4244: 'return': 'int'에서 'float'(으)로 변환하면서 데이터가 손실될 수 있습니다.
c:\users\lsk23\source\repos\knabin\mintchoco\teampp\enemy.h(159): warning C4244: '인수': 'int'에서 'float'(으)로 변환하면서 데이터가 손실될 수 있습니다.
c:\users\lsk23\source\repos\knabin\mintchoco\teampp\boss.cpp(212): warning C4244: '인수': 'int'에서 'float'(으)로 변환하면서 데이터가 손실될 수 있습니다.
  bossStage.cpp
c:\users\lsk23\source\repos\knabin\mintchoco\teampp\bossstage.cpp(70): warning C4244: '인수': 'float'에서 'int'(으)로 변환하면서 데이터가 손실될 수 있습니다.
c:\users\lsk23\source\repos\knabin\mintchoco\teampp\bossstage.cpp(75): warning C4244: '인수': 'float'에서 'int'(으)로 변환하면서 데이터가 손실될 수 있습니다.
  button.cpp
c:\users\lsk23\source\repos\knabin\mintchoco\teampp\button.cpp(34): warning C4244: '인수': 'float'에서 'int'(으)로 변환하면서 데이터가 손실될 수 있습니다.
  camera.cpp
c:\users\lsk23\source\repos\knabin\mintchoco\teampp\camera.cpp(128): warning C4244: '=': 'float'에서 'int'(으)로 변환하면서 데이터가 손실될 수 있습니다.
c:\users\lsk23\source\repos\knabin\mintchoco\teampp\camera.cpp(129): warning C4244: '=': 'float'에서 'int'(으)로 변환하면서 데이터가 손실될 수 있습니다.
c:\users\lsk23\source\repos\knabin\mintchoco\teampp\camera.cpp(135): warning C4244: '초기화 중': 'float'에서 'int'(으)로 변환하면서 데이터가 손실될 수 있습니다.
  cheerleader.cpp
c:\users\lsk23\source\repos\knabin\mintchoco\teampp\enemy.h(137): warning C4244: 'return': 'int'에서 'float'(으)로 변환하면서 데이터가 손실될 수 있습니다.
c:\users\lsk23\source\repos\knabin\mintchoco\teampp\enemy.h(159): warning C4244: '인수': 'int'에서 'float'(으)로 변환하면서 데이터가 손실될 수 있습니다.
c:\users\lsk23\source\repos\knabin\mintchoco\teampp\cheerleader.cpp(157): warning C4305: '인수': 'double'에서 'float'(으)로 잘립니다.
c:\users\lsk23\source\repos\knabin\mintchoco\teampp\cheerleader.cpp(161): warning C4305: '인수': 'double'에서 'float'(으)로 잘립니다.
c:\users\lsk23\source\repos\knabin\mintchoco\teampp\cheerleader.cpp(199): warning C4244: '인수': 'int'에서 'float'(으)로 변환하면서 데이터가 손실될 수 있습니다.
c:\users\lsk23\source\repos\knabin\mintchoco\teampp\cheerleader.cpp(332): warning C4244: '인수': 'float'에서 'int'(으)로 변환하면서 데이터가 손실될 수 있습니다.
  collision.cpp
c:\users\lsk23\source\repos\knabin\mintchoco\teampp\collision.cpp(167): warning C4244: '=': 'float'에서 'LONG'(으)로 변환하면서 데이터가 손실될 수 있습니다.
c:\users\lsk23\source\repos\knabin\mintchoco\teampp\collision.cpp(168): warning C4244: '=': 'float'에서 'LONG'(으)로 변환하면서 데이터가 손실될 수 있습니다.
c:\users\lsk23\source\repos\knabin\mintchoco\teampp\collision.cpp(169): warning C4244: '=': 'float'에서 'LONG'(으)로 변환하면서 데이터가 손실될 수 있습니다.
c:\users\lsk23\source\repos\knabin\mintchoco\teampp\collision.cpp(170): warning C4244: '=': 'float'에서 'LONG'(으)로 변환하면서 데이터가 손실될 수 있습니다.
  collisionManager.cpp
c:\users\lsk23\source\repos\knabin\mintchoco\teampp\enemy.h(137): warning C4244: 'return': 'int'에서 'float'(으)로 변환하면서 데이터가 손실될 수 있습니다.
c:\users\lsk23\source\repos\knabin\mintchoco\teampp\enemy.h(159): warning C4244: '인수': 'int'에서 'float'(으)로 변환하면서 데이터가 손실될 수 있습니다.
  dataManager.cpp
  effect.cpp
c:\users\lsk23\source\repos\knabin\mintchoco\teampp\effect.cpp(32): warning C4244: '인수': 'int'에서 'float'(으)로 변환하면서 데이터가 손실될 수 있습니다.
  effectManager.cpp
  enemy.cpp
c:\users\lsk23\source\repos\knabin\mintchoco\teampp\enemy.h(137): warning C4244: 'return': 'int'에서 'float'(으)로 변환하면서 데이터가 손실될 수 있습니다.
c:\users\lsk23\source\repos\knabin\mintchoco\teampp\enemy.h(159): warning C4244: '인수': 'int'에서 'float'(으)로 변환하면서 데이터가 손실될 수 있습니다.
c:\users\lsk23\source\repos\knabin\mintchoco\teampp\enemy.cpp(426): warning C4244: '초기화 중': 'float'에서 'int'(으)로 변환하면서 데이터가 손실될 수 있습니다.
c:\users\lsk23\source\repos\knabin\mintchoco\teampp\enemy.cpp(428): warning C4244: '인수': 'float'에서 'int'(으)로 변환하면서 데이터가 손실될 수 있습니다.
c:\users\lsk23\source\repos\knabin\mintchoco\teampp\enemy.cpp(442): warning C4244: '초기화 중': 'float'에서 'int'(으)로 변환하면서 데이터가 손실될 수 있습니다.
c:\users\lsk23\source\repos\knabin\mintchoco\teampp\enemy.cpp(444): warning C4244: '인수': 'float'에서 'int'(으)로 변환하면서 데이터가 손실될 수 있습니다.
c:\users\lsk23\source\repos\knabin\mintchoco\teampp\enemy.cpp(456): warning C4244: '초기화 중': 'float'에서 'int'(으)로 변환하면서 데이터가 손실될 수 있습니다.
c:\users\lsk23\source\repos\knabin\mintchoco\teampp\enemy.cpp(458): warning C4244: '인수': 'float'에서 'int'(으)로 변환하면서 데이터가 손실될 수 있습니다.
c:\users\lsk23\source\repos\knabin\mintchoco\teampp\enemy.cpp(471): warning C4244: '초기화 중': 'float'에서 'int'(으)로 변환하면서 데이터가 손실될 수 있습니다.
c:\users\lsk23\source\repos\knabin\mintchoco\teampp\enemy.cpp(473): warning C4244: '인수': 'float'에서 'int'(으)로 변환하면서 데이터가 손실될 수 있습니다.
  enemyManager.cpp
c:\users\lsk23\source\repos\knabin\mintchoco\teampp\enemy.h(137): warning C4244: 'return': 'int'에서 'float'(으)로 변환하면서 데이터가 손실될 수 있습니다.
c:\users\lsk23\source\repos\knabin\mintchoco\teampp\enemy.h(159): warning C4244: '인수': 'int'에서 'float'(으)로 변환하면서 데이터가 손실될 수 있습니다.
c:\users\lsk23\source\repos\knabin\mintchoco\teampp\enemymanager.cpp(275): warning C4267: '인수': 'size_t'에서 'int'(으)로 변환하면서 데이터가 손실될 수 있습니다.
  gameNode.cpp
c:\users\lsk23\source\repos\knabin\mintchoco\teampp\gamenode.cpp(114): warning C4244: '=': 'float'에서 'LONG'(으)로 변환하면서 데이터가 손실될 수 있습니다.
c:\users\lsk23\source\repos\knabin\mintchoco\teampp\gamenode.cpp(115): warning C4244: '=': 'float'에서 'LONG'(으)로 변환하면서 데이터가 손실될 수 있습니다.
c:\users\lsk23\source\repos\knabin\mintchoco\teampp\gamenode.cpp(108): warning C4101: 'hdc' :참조되지 않은 지역 변수입니다.
c:\users\lsk23\source\repos\knabin\mintchoco\teampp\gamenode.cpp(107): warning C4101: 'ps' :참조되지 않은 지역 변수입니다.
  image.cpp
c:\users\lsk23\source\repos\knabin\mintchoco\teampp\image.cpp(68): warning C4267: '초기화 중': 'size_t'에서 'int'(으)로 변환하면서 데이터가 손실될 수 있습니다.
c:\users\lsk23\source\repos\knabin\mintchoco\teampp\image.cpp(126): warning C4267: '초기화 중': 'size_t'에서 'int'(으)로 변환하면서 데이터가 손실될 수 있습니다.
c:\users\lsk23\source\repos\knabin\mintchoco\teampp\image.cpp(181): warning C4267: '초기화 중': 'size_t'에서 'int'(으)로 변환하면서 데이터가 손실될 수 있습니다.
c:\users\lsk23\source\repos\knabin\mintchoco\teampp\image.cpp(248): warning C4244: '인수': 'float'에서 'int'(으)로 변환하면서 데이터가 손실될 수 있습니다.
c:\users\lsk23\source\repos\knabin\mintchoco\teampp\image.cpp(247): warning C4244: '인수': 'float'에서 'int'(으)로 변환하면서 데이터가 손실될 수 있습니다.
c:\users\lsk23\source\repos\knabin\mintchoco\teampp\image.cpp(262): warning C4244: '인수': 'float'에서 'int'(으)로 변환하면서 데이터가 손실될 수 있습니다.
c:\users\lsk23\source\repos\knabin\mintchoco\teampp\image.cpp(261): warning C4244: '인수': 'float'에서 'int'(으)로 변환하면서 데이터가 손실될 수 있습니다.
c:\users\lsk23\source\repos\knabin\mintchoco\teampp\image.cpp(483): warning C4244: '인수': 'float'에서 'int'(으)로 변환하면서 데이터가 손실될 수 있습니다.
c:\users\lsk23\source\repos\knabin\mintchoco\teampp\image.cpp(491): warning C4244: '인수': 'float'에서 'int'(으)로 변환하면서 데이터가 손실될 수 있습니다.
  imageManager.cpp
  iniDataManager.cpp
  item.cpp
c:\users\lsk23\source\repos\knabin\mintchoco\teampp\item.cpp(32): warning C4244: '인수': 'float'에서 'int'(으)로 변환하면서 데이터가 손실될 수 있습니다.
  itemManager.cpp
  jump.cpp
  컴파일하고 있습니다...
  keyAniManager.cpp
c:\users\lsk23\source\repos\knabin\mintchoco\teampp\keyanimanager.cpp(60): warning C4244: '인수': 'int'에서 'float'(으)로 변환하면서 데이터가 손실될 수 있습니다.
c:\users\lsk23\source\repos\knabin\mintchoco\teampp\keyanimanager.cpp(79): warning C4244: '인수': 'int'에서 'float'(으)로 변환하면서 데이터가 손실될 수 있습니다.
c:\users\lsk23\source\repos\knabin\mintchoco\teampp\keyanimanager.cpp(98): warning C4244: '인수': 'int'에서 'float'(으)로 변환하면서 데이터가 손실될 수 있습니다.
c:\users\lsk23\source\repos\knabin\mintchoco\teampp\keyanimanager.cpp(118): warning C4244: '인수': 'int'에서 'float'(으)로 변환하면서 데이터가 손실될 수 있습니다.
c:\users\lsk23\source\repos\knabin\mintchoco\teampp\keyanimanager.cpp(139): warning C4244: '인수': 'int'에서 'float'(으)로 변환하면서 데이터가 손실될 수 있습니다.
c:\users\lsk23\source\repos\knabin\mintchoco\teampp\keyanimanager.cpp(160): warning C4244: '인수': 'int'에서 'float'(으)로 변환하면서 데이터가 손실될 수 있습니다.
c:\users\lsk23\source\repos\knabin\mintchoco\teampp\keyanimanager.cpp(181): warning C4244: '인수': 'int'에서 'float'(으)로 변환하면서 데이터가 손실될 수 있습니다.
c:\users\lsk23\source\repos\knabin\mintchoco\teampp\keyanimanager.cpp(201): warning C4244: '인수': 'int'에서 'float'(으)로 변환하면서 데이터가 손실될 수 있습니다.
c:\users\lsk23\source\repos\knabin\mintchoco\teampp\keyanimanager.cpp(222): warning C4244: '인수': 'int'에서 'float'(으)로 변환하면서 데이터가 손실될 수 있습니다.
  keyManager.cpp
  money.cpp
  npc.cpp
c:\users\lsk23\source\repos\knabin\mintchoco\teampp\npc.cpp(39): warning C4244: '인수': 'int'에서 'float'(으)로 변환하면서 데이터가 손실될 수 있습니다.
  player.cpp
c:\users\lsk23\source\repos\knabin\mintchoco\teampp\player.cpp(247): warning C4244: '인수': 'float'에서 'int'(으)로 변환하면서 데이터가 손실될 수 있습니다.
c:\users\lsk23\source\repos\knabin\mintchoco\teampp\player.cpp(252): warning C4244: '인수': 'float'에서 'int'(으)로 변환하면서 데이터가 손실될 수 있습니다.
c:\users\lsk23\source\repos\knabin\mintchoco\teampp\player.cpp(319): warning C4244: '인수': 'int'에서 'float'(으)로 변환하면서 데이터가 손실될 수 있습니다.
c:\users\lsk23\source\repos\knabin\mintchoco\teampp\player.cpp(322): warning C4244: '인수': 'int'에서 'float'(으)로 변환하면서 데이터가 손실될 수 있습니다.
c:\users\lsk23\source\repos\knabin\mintchoco\teampp\player.cpp(326): warning C4244: '인수': 'float'에서 'int'(으)로 변환하면서 데이터가 손실될 수 있습니다.
c:\users\lsk23\source\repos\knabin\mintchoco\teampp\player.cpp(327): warning C4244: '인수': 'float'에서 'int'(으)로 변환하면서 데이터가 손실될 수 있습니다.
c:\users\lsk23\source\repos\knabin\mintchoco\teampp\player.cpp(328): warning C4244: '인수': 'float'에서 'int'(으)로 변환하면서 데이터가 손실될 수 있습니다.
c:\users\lsk23\source\repos\knabin\mintchoco\teampp\player.cpp(329): warning C4244: '인수': 'float'에서 'int'(으)로 변환하면서 데이터가 손실될 수 있습니다.
c:\users\lsk23\source\repos\knabin\mintchoco\teampp\player.cpp(384): warning C4244: '초기화 중': 'float'에서 'int'(으)로 변환하면서 데이터가 손실될 수 있습니다.
c:\users\lsk23\source\repos\knabin\mintchoco\teampp\player.cpp(386): warning C4244: '인수': 'float'에서 'int'(으)로 변환하면서 데이터가 손실될 수 있습니다.
c:\users\lsk23\source\repos\knabin\mintchoco\teampp\player.cpp(401): warning C4244: '초기화 중': 'float'에서 'int'(으)로 변환하면서 데이터가 손실될 수 있습니다.
c:\users\lsk23\source\repos\knabin\mintchoco\teampp\player.cpp(403): warning C4244: '인수': 'float'에서 'int'(으)로 변환하면서 데이터가 손실될 수 있습니다.
c:\users\lsk23\source\repos\knabin\mintchoco\teampp\player.cpp(416): warning C4244: '초기화 중': 'float'에서 'int'(으)로 변환하면서 데이터가 손실될 수 있습니다.
c:\users\lsk23\source\repos\knabin\mintchoco\teampp\player.cpp(418): warning C4244: '인수': 'float'에서 'int'(으)로 변환하면서 데이터가 손실될 수 있습니다.
c:\users\lsk23\source\repos\knabin\mintchoco\teampp\player.cpp(426): warning C4244: '=': 'int'에서 'float'(으)로 변환하면서 데이터가 손실될 수 있습니다.
c:\users\lsk23\source\repos\knabin\mintchoco\teampp\player.cpp(431): warning C4244: '초기화 중': 'float'에서 'int'(으)로 변환하면서 데이터가 손실될 수 있습니다.
c:\users\lsk23\source\repos\knabin\mintchoco\teampp\player.cpp(433): warning C4244: '인수': 'float'에서 'int'(으)로 변환하면서 데이터가 손실될 수 있습니다.
c:\users\lsk23\source\repos\knabin\mintchoco\teampp\player.cpp(441): warning C4244: '=': 'int'에서 'float'(으)로 변환하면서 데이터가 손실될 수 있습니다.
c:\users\lsk23\source\repos\knabin\mintchoco\teampp\player.cpp(446): warning C4244: '초기화 중': 'float'에서 'int'(으)로 변환하면서 데이터가 손실될 수 있습니다.
c:\users\lsk23\source\repos\knabin\mintchoco\teampp\player.cpp(448): warning C4244: '인수': 'float'에서 'int'(으)로 변환하면서 데이터가 손실될 수 있습니다.
c:\users\lsk23\source\repos\knabin\mintchoco\teampp\player.cpp(456): warning C4244: '=': 'int'에서 'float'(으)로 변환하면서 데이터가 손실될 수 있습니다.
c:\users\lsk23\source\repos\knabin\mintchoco\teampp\player.cpp(461): warning C4244: '초기화 중': 'float'에서 'int'(으)로 변환하면서 데이터가 손실될 수 있습니다.
c:\users\lsk23\source\repos\knabin\mintchoco\teampp\player.cpp(463): warning C4244: '인수': 'float'에서 'int'(으)로 변환하면서 데이터가 손실될 수 있습니다.
c:\users\lsk23\source\repos\knabin\mintchoco\teampp\player.cpp(485): warning C4244: '초기화 중': 'float'에서 'int'(으)로 변환하면서 데이터가 손실될 수 있습니다.
c:\users\lsk23\source\repos\knabin\mintchoco\teampp\player.cpp(487): warning C4244: '인수': 'float'에서 'int'(으)로 변환하면서 데이터가 손실될 수 있습니다.
c:\users\lsk23\source\repos\knabin\mintchoco\teampp\player.cpp(513): warning C4244: '초기화 중': 'float'에서 'int'(으)로 변환하면서 데이터가 손실될 수 있습니다.
c:\users\lsk23\source\repos\knabin\mintchoco\teampp\player.cpp(515): warning C4244: '인수': 'float'에서 'int'(으)로 변환하면서 데이터가 손실될 수 있습니다.
c:\users\lsk23\source\repos\knabin\mintchoco\teampp\player.cpp(527): warning C4244: '인수': 'int'에서 'float'(으)로 변환하면서 데이터가 손실될 수 있습니다.
c:\users\lsk23\source\repos\knabin\mintchoco\teampp\player.cpp(529): warning C4244: '=': 'int'에서 'float'(으)로 변환하면서 데이터가 손실될 수 있습니다.
c:\users\lsk23\source\repos\knabin\mintchoco\teampp\player.cpp(551): warning C4244: '초기화 중': 'float'에서 'int'(으)로 변환하면서 데이터가 손실될 수 있습니다.
c:\users\lsk23\source\repos\knabin\mintchoco\teampp\player.cpp(553): warning C4244: '인수': 'float'에서 'int'(으)로 변환하면서 데이터가 손실될 수 있습니다.
c:\users\lsk23\source\repos\knabin\mintchoco\teampp\player.cpp(592): warning C4244: '초기화 중': 'float'에서 'int'(으)로 변환하면서 데이터가 손실될 수 있습니다.
c:\users\lsk23\source\repos\knabin\mintchoco\teampp\player.cpp(594): warning C4244: '인수': 'float'에서 'int'(으)로 변환하면서 데이터가 손실될 수 있습니다.
c:\users\lsk23\source\repos\knabin\mintchoco\teampp\player.cpp(608): warning C4244: '초기화 중': 'float'에서 'int'(으)로 변환하면서 데이터가 손실될 수 있습니다.
c:\users\lsk23\source\repos\knabin\mintchoco\teampp\player.cpp(610): warning C4244: '인수': 'float'에서 'int'(으)로 변환하면서 데이터가 손실될 수 있습니다.
c:\users\lsk23\source\repos\knabin\mintchoco\teampp\player.cpp(648): warning C4244: '초기화 중': 'float'에서 'int'(으)로 변환하면서 데이터가 손실될 수 있습니다.
c:\users\lsk23\source\repos\knabin\mintchoco\teampp\player.cpp(650): warning C4244: '인수': 'float'에서 'int'(으)로 변환하면서 데이터가 손실될 수 있습니다.
c:\users\lsk23\source\repos\knabin\mintchoco\teampp\player.cpp(680): warning C4244: '초기화 중': 'float'에서 'int'(으)로 변환하면서 데이터가 손실될 수 있습니다.
c:\users\lsk23\source\repos\knabin\mintchoco\teampp\player.cpp(682): warning C4244: '인수': 'float'에서 'int'(으)로 변환하면서 데이터가 손실될 수 있습니다.
c:\users\lsk23\source\repos\knabin\mintchoco\teampp\player.cpp(696): warning C4244: '초기화 중': 'float'에서 'int'(으)로 변환하면서 데이터가 손실될 수 있습니다.
c:\users\lsk23\source\repos\knabin\mintchoco\teampp\player.cpp(698): warning C4244: '인수': 'float'에서 'int'(으)로 변환하면서 데이터가 손실될 수 있습니다.
c:\users\lsk23\source\repos\knabin\mintchoco\teampp\player.cpp(706): warning C4244: '=': 'int'에서 'float'(으)로 변환하면서 데이터가 손실될 수 있습니다.
c:\users\lsk23\source\repos\knabin\mintchoco\teampp\player.cpp(712): warning C4244: '초기화 중': 'float'에서 'int'(으)로 변환하면서 데이터가 손실될 수 있습니다.
c:\users\lsk23\source\repos\knabin\mintchoco\teampp\player.cpp(714): warning C4244: '인수': 'float'에서 'int'(으)로 변환하면서 데이터가 손실될 수 있습니다.
c:\users\lsk23\source\repos\knabin\mintchoco\teampp\player.cpp(739): warning C4244: '초기화 중': 'float'에서 'int'(으)로 변환하면서 데이터가 손실될 수 있습니다.
c:\users\lsk23\source\repos\knabin\mintchoco\teampp\player.cpp(741): warning C4244: '인수': 'float'에서 'int'(으)로 변환하면서 데이터가 손실될 수 있습니다.
c:\users\lsk23\source\repos\knabin\mintchoco\teampp\player.cpp(752): warning C4244: '=': 'int'에서 'float'(으)로 변환하면서 데이터가 손실될 수 있습니다.
  playGround.cpp
c:\users\lsk23\source\repos\knabin\mintchoco\teampp\enemy.h(137): warning C4244: 'return': 'int'에서 'float'(으)로 변환하면서 데이터가 손실될 수 있습니다.
c:\users\lsk23\source\repos\knabin\mintchoco\teampp\enemy.h(159): warning C4244: '인수': 'int'에서 'float'(으)로 변환하면서 데이터가 손실될 수 있습니다.
c:\users\lsk23\source\repos\knabin\mintchoco\teampp\playground.cpp(328): warning C4244: '인수': 'float'에서 'int'(으)로 변환하면서 데이터가 손실될 수 있습니다.
c:\users\lsk23\source\repos\knabin\mintchoco\teampp\playground.cpp(327): warning C4244: '인수': 'double'에서 'int'(으)로 변환하면서 데이터가 손실될 수 있습니다.
  progressBar.cpp
c:\users\lsk23\source\repos\knabin\mintchoco\teampp\progressbar.cpp(19): warning C4244: '인수': 'float'에서 'int'(으)로 변환하면서 데이터가 손실될 수 있습니다.
c:\users\lsk23\source\repos\knabin\mintchoco\teampp\progressbar.cpp(25): warning C4244: '=': 'int'에서 'float'(으)로 변환하면서 데이터가 손실될 수 있습니다.
c:\users\lsk23\source\repos\knabin\mintchoco\teampp\progressbar.cpp(36): warning C4244: '인수': 'float'에서 'int'(으)로 변환하면서 데이터가 손실될 수 있습니다.
c:\users\lsk23\source\repos\knabin\mintchoco\teampp\progressbar.cpp(45): warning C4244: '인수': 'float'에서 'int'(으)로 변환하면서 데이터가 손실될 수 있습니다.
c:\users\lsk23\source\repos\knabin\mintchoco\teampp\progressbar.cpp(53): warning C4244: '인수': 'float'에서 'int'(으)로 변환하면서 데이터가 손실될 수 있습니다.
c:\users\lsk23\source\repos\knabin\mintchoco\teampp\progressbar.cpp(51): warning C4244: '인수': 'float'에서 'int'(으)로 변환하면서 데이터가 손실될 수 있습니다.
  scene.cpp
c:\users\lsk23\source\repos\knabin\mintchoco\teampp\scene.cpp(31): warning C4244: '인수': 'float'에서 'int'(으)로 변환하면서 데이터가 손실될 수 있습니다.
c:\users\lsk23\source\repos\knabin\mintchoco\teampp\scene.cpp(42): warning C4244: '인수': 'float'에서 'int'(으)로 변환하면서 데이터가 손실될 수 있습니다.
c:\users\lsk23\source\repos\knabin\mintchoco\teampp\scene.cpp(53): warning C4244: '인수': 'float'에서 'int'(으)로 변환하면서 데이터가 손실될 수 있습니다.
c:\users\lsk23\source\repos\knabin\mintchoco\teampp\scene.cpp(70): warning C4244: '인수': 'float'에서 'int'(으)로 변환하면서 데이터가 손실될 수 있습니다.
c:\users\lsk23\source\repos\knabin\mintchoco\teampp\scene.cpp(81): warning C4244: '인수': 'float'에서 'int'(으)로 변환하면서 데이터가 손실될 수 있습니다.
c:\users\lsk23\source\repos\knabin\mintchoco\teampp\scene.cpp(159): warning C4244: '인수': 'float'에서 'int'(으)로 변환하면서 데이터가 손실될 수 있습니다.
c:\users\lsk23\source\repos\knabin\mintchoco\teampp\scene.cpp(247): warning C4244: '인수': 'float'에서 'int'(으)로 변환하면서 데이터가 손실될 수 있습니다.
c:\users\lsk23\source\repos\knabin\mintchoco\teampp\scene.cpp(249): warning C4244: '인수': 'float'에서 'int'(으)로 변환하면서 데이터가 손실될 수 있습니다.
c:\users\lsk23\source\repos\knabin\mintchoco\teampp\scene.cpp(257): warning C4244: '인수': 'float'에서 'int'(으)로 변환하면서 데이터가 손실될 수 있습니다.
c:\users\lsk23\source\repos\knabin\mintchoco\teampp\scene.cpp(258): warning C4244: '인수': 'float'에서 'int'(으)로 변환하면서 데이터가 손실될 수 있습니다.
c:\users\lsk23\source\repos\knabin\mintchoco\teampp\scene.cpp(259): warning C4244: '인수': 'float'에서 'int'(으)로 변환하면서 데이터가 손실될 수 있습니다.
c:\users\lsk23\source\repos\knabin\mintchoco\teampp\scene.cpp(266): warning C4244: '인수': 'float'에서 'int'(으)로 변환하면서 데이터가 손실될 수 있습니다.
c:\users\lsk23\source\repos\knabin\mintchoco\teampp\scene.cpp(267): warning C4244: '인수': 'float'에서 'int'(으)로 변환하면서 데이터가 손실될 수 있습니다.
c:\users\lsk23\source\repos\knabin\mintchoco\teampp\scene.cpp(268): warning C4244: '인수': 'float'에서 'int'(으)로 변환하면서 데이터가 손실될 수 있습니다.
c:\users\lsk23\source\repos\knabin\mintchoco\teampp\scene.cpp(269): warning C4244: '인수': 'float'에서 'int'(으)로 변환하면서 데이터가 손실될 수 있습니다.
c:\users\lsk23\source\repos\knabin\mintchoco\teampp\scene.cpp(275): warning C4244: '인수': 'float'에서 'int'(으)로 변환하면서 데이터가 손실될 수 있습니다.
c:\users\lsk23\source\repos\knabin\mintchoco\teampp\scene.cpp(276): warning C4244: '인수': 'float'에서 'int'(으)로 변환하면서 데이터가 손실될 수 있습니다.
c:\users\lsk23\source\repos\knabin\mintchoco\teampp\scene.cpp(277): warning C4244: '인수': 'float'에서 'int'(으)로 변환하면서 데이터가 손실될 수 있습니다.
c:\users\lsk23\source\repos\knabin\mintchoco\teampp\scene.cpp(278): warning C4244: '인수': 'float'에서 'int'(으)로 변환하면서 데이터가 손실될 수 있습니다.
c:\users\lsk23\source\repos\knabin\mintchoco\teampp\scene.cpp(284): warning C4244: '인수': 'float'에서 'int'(으)로 변환하면서 데이터가 손실될 수 있습니다.
c:\users\lsk23\source\repos\knabin\mintchoco\teampp\scene.cpp(285): warning C4244: '인수': 'float'에서 'int'(으)로 변환하면서 데이터가 손실될 수 있습니다.
c:\users\lsk23\source\repos\knabin\mintchoco\teampp\scene.cpp(286): warning C4244: '인수': 'float'에서 'int'(으)로 변환하면서 데이터가 손실될 수 있습니다.
c:\users\lsk23\source\repos\knabin\mintchoco\teampp\scene.cpp(287): warning C4244: '인수': 'float'에서 'int'(으)로 변환하면서 데이터가 손실될 수 있습니다.
c:\users\lsk23\source\repos\knabin\mintchoco\teampp\scene.cpp(295): warning C4244: '인수': 'float'에서 'int'(으)로 변환하면서 데이터가 손실될 수 있습니다.
c:\users\lsk23\source\repos\knabin\mintchoco\teampp\scene.cpp(296): warning C4244: '인수': 'float'에서 'int'(으)로 변환하면서 데이터가 손실될 수 있습니다.
c:\users\lsk23\source\repos\knabin\mintchoco\teampp\scene.cpp(297): warning C4244: '인수': 'float'에서 'int'(으)로 변환하면서 데이터가 손실될 수 있습니다.
c:\users\lsk23\source\repos\knabin\mintchoco\teampp\scene.cpp(299): warning C4244: '인수': 'float'에서 'int'(으)로 변환하면서 데이터가 손실될 수 있습니다.
c:\users\lsk23\source\repos\knabin\mintchoco\teampp\scene.cpp(300): warning C4244: '인수': 'float'에서 'int'(으)로 변환하면서 데이터가 손실될 수 있습니다.
c:\users\lsk23\source\repos\knabin\mintchoco\teampp\scene.cpp(301): warning C4244: '인수': 'float'에서 'int'(으)로 변환하면서 데이터가 손실될 수 있습니다.
c:\users\lsk23\source\repos\knabin\mintchoco\teampp\scene.cpp(313): warning C4267: '인수': 'size_t'에서 'int'(으)로 변환하면서 데이터가 손실될 수 있습니다.
c:\users\lsk23\source\repos\knabin\mintchoco\teampp\scene.cpp(315): warning C4267: '인수': 'size_t'에서 'int'(으)로 변환하면서 데이터가 손실될 수 있습니다.
c:\users\lsk23\source\repos\knabin\mintchoco\teampp\scene.cpp(317): warning C4267: '인수': 'size_t'에서 'int'(으)로 변환하면서 데이터가 손실될 수 있습니다.
c:\users\lsk23\source\repos\knabin\mintchoco\teampp\scene.cpp(319): warning C4267: '인수': 'size_t'에서 'int'(으)로 변환하면서 데이터가 손실될 수 있습니다.
c:\users\lsk23\source\repos\knabin\mintchoco\teampp\scene.cpp(321): warning C4267: '인수': 'size_t'에서 'int'(으)로 변환하면서 데이터가 손실될 수 있습니다.
c:\users\lsk23\source\repos\knabin\mintchoco\teampp\scene.cpp(323): warning C4267: '인수': 'size_t'에서 'int'(으)로 변환하면서 데이터가 손실될 수 있습니다.
c:\users\lsk23\source\repos\knabin\mintchoco\teampp\scene.cpp(325): warning C4244: '인수': 'float'에서 'int'(으)로 변환하면서 데이터가 손실될 수 있습니다.
c:\users\lsk23\source\repos\knabin\mintchoco\teampp\scene.cpp(326): warning C4244: '인수': 'float'에서 'int'(으)로 변환하면서 데이터가 손실될 수 있습니다.
c:\users\lsk23\source\repos\knabin\mintchoco\teampp\scene.cpp(327): warning C4244: '인수': 'float'에서 'int'(으)로 변환하면서 데이터가 손실될 수 있습니다.
c:\users\lsk23\source\repos\knabin\mintchoco\teampp\scene.cpp(337): warning C4267: '인수': 'size_t'에서 'int'(으)로 변환하면서 데이터가 손실될 수 있습니다.
c:\users\lsk23\source\repos\knabin\mintchoco\teampp\scene.cpp(339): warning C4267: '인수': 'size_t'에서 'int'(으)로 변환하면서 데이터가 손실될 수 있습니다.
c:\users\lsk23\source\repos\knabin\mintchoco\teampp\scene.cpp(341): warning C4267: '인수': 'size_t'에서 'int'(으)로 변환하면서 데이터가 손실될 수 있습니다.
  sceneManager.cpp
  schoolboy.cpp
c:\users\lsk23\source\repos\knabin\mintchoco\teampp\enemy.h(137): warning C4244: 'return': 'int'에서 'float'(으)로 변환하면서 데이터가 손실될 수 있습니다.
c:\users\lsk23\source\repos\knabin\mintchoco\teampp\enemy.h(159): warning C4244: '인수': 'int'에서 'float'(으)로 변환하면서 데이터가 손실될 수 있습니다.
c:\users\lsk23\source\repos\knabin\mintchoco\teampp\schoolboy.cpp(155): warning C4305: '인수': 'double'에서 'float'(으)로 잘립니다.
c:\users\lsk23\source\repos\knabin\mintchoco\teampp\schoolboy.cpp(159): warning C4305: '인수': 'double'에서 'float'(으)로 잘립니다.
c:\users\lsk23\source\repos\knabin\mintchoco\teampp\schoolboy.cpp(197): warning C4244: '인수': 'int'에서 'float'(으)로 변환하면서 데이터가 손실될 수 있습니다.
c:\users\lsk23\source\repos\knabin\mintchoco\teampp\schoolboy.cpp(332): warning C4244: '인수': 'float'에서 'int'(으)로 변환하면서 데이터가 손실될 수 있습니다.
  schoolgirl.cpp
c:\users\lsk23\source\repos\knabin\mintchoco\teampp\enemy.h(137): warning C4244: 'return': 'int'에서 'float'(으)로 변환하면서 데이터가 손실될 수 있습니다.
c:\users\lsk23\source\repos\knabin\mintchoco\teampp\enemy.h(159): warning C4244: '인수': 'int'에서 'float'(으)로 변환하면서 데이터가 손실될 수 있습니다.
c:\users\lsk23\source\repos\knabin\mintchoco\teampp\schoolgirl.cpp(157): warning C4305: '인수': 'double'에서 'float'(으)로 잘립니다.
c:\users\lsk23\source\repos\knabin\mintchoco\teampp\schoolgirl.cpp(161): warning C4305: '인수': 'double'에서 'float'(으)로 잘립니다.
c:\users\lsk23\source\repos\knabin\mintchoco\teampp\schoolgirl.cpp(200): warning C4244: '인수': 'int'에서 'float'(으)로 변환하면서 데이터가 손실될 수 있습니다.
c:\users\lsk23\source\repos\knabin\mintchoco\teampp\schoolgirl.cpp(333): warning C4244: '인수': 'float'에서 'int'(으)로 변환하면서 데이터가 손실될 수 있습니다.
  soundManager.cpp
  stage01.cpp
c:\users\lsk23\source\repos\knabin\mintchoco\teampp\stage01.cpp(75): warning C4244: '인수': 'float'에서 'int'(으)로 변환하면서 데이터가 손실될 수 있습니다.
c:\users\lsk23\source\repos\knabin\mintchoco\teampp\stage01.cpp(83): warning C4244: '인수': 'float'에서 'int'(으)로 변환하면서 데이터가 손실될 수 있습니다.
c:\users\lsk23\source\repos\knabin\mintchoco\teampp\stage01.cpp(88): warning C4244: '인수': 'float'에서 'int'(으)로 변환하면서 데이터가 손실될 수 있습니다.
  stage02.cpp
c:\users\lsk23\source\repos\knabin\mintchoco\teampp\stage02.cpp(106): warning C4244: '인수': 'float'에서 'int'(으)로 변환하면서 데이터가 손실될 수 있습니다.
c:\users\lsk23\source\repos\knabin\mintchoco\teampp\stage02.cpp(108): warning C4244: '인수': 'float'에서 'int'(으)로 변환하면서 데이터가 손실될 수 있습니다.
c:\users\lsk23\source\repos\knabin\mintchoco\teampp\stage02.cpp(113): warning C4244: '인수': 'float'에서 'int'(으)로 변환하면서 데이터가 손실될 수 있습니다.
c:\users\lsk23\source\repos\knabin\mintchoco\teampp\stage02.cpp(118): warning C4244: '인수': 'float'에서 'int'(으)로 변환하면서 데이터가 손실될 수 있습니다.
c:\users\lsk23\source\repos\knabin\mintchoco\teampp\stage02.cpp(123): warning C4244: '인수': 'float'에서 'int'(으)로 변환하면서 데이터가 손실될 수 있습니다.
c:\users\lsk23\source\repos\knabin\mintchoco\teampp\stage02.cpp(128): warning C4244: '인수': 'float'에서 'int'(으)로 변환하면서 데이터가 손실될 수 있습니다.
  stage03.cpp
c:\users\lsk23\source\repos\knabin\mintchoco\teampp\stage03.cpp(108): warning C4244: '인수': 'float'에서 'int'(으)로 변환하면서 데이터가 손실될 수 있습니다.
c:\users\lsk23\source\repos\knabin\mintchoco\teampp\stage03.cpp(110): warning C4244: '인수': 'float'에서 'int'(으)로 변환하면서 데이터가 손실될 수 있습니다.
c:\users\lsk23\source\repos\knabin\mintchoco\teampp\stage03.cpp(115): warning C4244: '인수': 'float'에서 'int'(으)로 변환하면서 데이터가 손실될 수 있습니다.
c:\users\lsk23\source\repos\knabin\mintchoco\teampp\stage03.cpp(120): warning C4244: '인수': 'float'에서 'int'(으)로 변환하면서 데이터가 손실될 수 있습니다.
c:\users\lsk23\source\repos\knabin\mintchoco\teampp\stage03.cpp(125): warning C4244: '인수': 'float'에서 'int'(으)로 변환하면서 데이터가 손실될 수 있습니다.
c:\users\lsk23\source\repos\knabin\mintchoco\teampp\stage03.cpp(130): warning C4244: '인수': 'float'에서 'int'(으)로 변환하면서 데이터가 손실될 수 있습니다.
  stage04.cpp
c:\users\lsk23\source\repos\knabin\mintchoco\teampp\stage04.cpp(116): warning C4244: '인수': 'float'에서 'int'(으)로 변환하면서 데이터가 손실될 수 있습니다.
c:\users\lsk23\source\repos\knabin\mintchoco\teampp\stage04.cpp(118): warning C4244: '인수': 'float'에서 'int'(으)로 변환하면서 데이터가 손실될 수 있습니다.
c:\users\lsk23\source\repos\knabin\mintchoco\teampp\stage04.cpp(123): warning C4244: '인수': 'float'에서 'int'(으)로 변환하면서 데이터가 손실될 수 있습니다.
c:\users\lsk23\source\repos\knabin\mintchoco\teampp\stage04.cpp(128): warning C4244: '인수': 'float'에서 'int'(으)로 변환하면서 데이터가 손실될 수 있습니다.
c:\users\lsk23\source\repos\knabin\mintchoco\teampp\stage04.cpp(133): warning C4244: '인수': 'float'에서 'int'(으)로 변환하면서 데이터가 손실될 수 있습니다.
c:\users\lsk23\source\repos\knabin\mintchoco\teampp\stage04.cpp(138): warning C4244: '인수': 'float'에서 'int'(으)로 변환하면서 데이터가 손실될 수 있습니다.
  stageManager.cpp
c:\users\lsk23\source\repos\knabin\mintchoco\teampp\enemy.h(137): warning C4244: 'return': 'int'에서 'float'(으)로 변환하면서 데이터가 손실될 수 있습니다.
c:\users\lsk23\source\repos\knabin\mintchoco\teampp\enemy.h(159): warning C4244: '인수': 'int'에서 'float'(으)로 변환하면서 데이터가 손실될 수 있습니다.
c:\users\lsk23\source\repos\knabin\mintchoco\teampp\stagemanager.cpp(21): warning C4244: '=': 'int'에서 'float'(으)로 변환하면서 데이터가 손실될 수 있습니다.
c:\users\lsk23\source\repos\knabin\mintchoco\teampp\stagemanager.cpp(22): warning C4244: '=': 'int'에서 'float'(으)로 변환하면서 데이터가 손실될 수 있습니다.
c:\users\lsk23\source\repos\knabin\mintchoco\teampp\stagemanager.cpp(34): warning C4244: '=': 'int'에서 'float'(으)로 변환하면서 데이터가 손실될 수 있습니다.
c:\users\lsk23\source\repos\knabin\mintchoco\teampp\stagemanager.cpp(35): warning C4244: '=': 'int'에서 'float'(으)로 변환하면서 데이터가 손실될 수 있습니다.
c:\users\lsk23\source\repos\knabin\mintchoco\teampp\stagemanager.cpp(47): warning C4244: '=': 'int'에서 'float'(으)로 변환하면서 데이터가 손실될 수 있습니다.
c:\users\lsk23\source\repos\knabin\mintchoco\teampp\stagemanager.cpp(48): warning C4244: '=': 'int'에서 'float'(으)로 변환하면서 데이터가 손실될 수 있습니다.
c:\users\lsk23\source\repos\knabin\mintchoco\teampp\stagemanager.cpp(60): warning C4244: '=': 'int'에서 'float'(으)로 변환하면서 데이터가 손실될 수 있습니다.
c:\users\lsk23\source\repos\knabin\mintchoco\teampp\stagemanager.cpp(61): warning C4244: '=': 'int'에서 'float'(으)로 변환하면서 데이터가 손실될 수 있습니다.
c:\users\lsk23\source\repos\knabin\mintchoco\teampp\stagemanager.cpp(76): warning C4244: '=': 'int'에서 'float'(으)로 변환하면서 데이터가 손실될 수 있습니다.
c:\users\lsk23\source\repos\knabin\mintchoco\teampp\stagemanager.cpp(77): warning C4244: '=': 'int'에서 'float'(으)로 변환하면서 데이터가 손실될 수 있습니다.
c:\users\lsk23\source\repos\knabin\mintchoco\teampp\stagemanager.cpp(78): warning C4244: '인수': 'float'에서 'int'(으)로 변환하면서 데이터가 손실될 수 있습니다.
c:\users\lsk23\source\repos\knabin\mintchoco\teampp\stagemanager.cpp(453): warning C4244: '=': 'int'에서 'float'(으)로 변환하면서 데이터가 손실될 수 있습니다.
c:\users\lsk23\source\repos\knabin\mintchoco\teampp\stagemanager.cpp(454): warning C4244: '=': 'int'에서 'float'(으)로 변환하면서 데이터가 손실될 수 있습니다.
c:\users\lsk23\source\repos\knabin\mintchoco\teampp\stagemanager.cpp(457): warning C4244: '=': 'int'에서 'float'(으)로 변환하면서 데이터가 손실될 수 있습니다.
c:\users\lsk23\source\repos\knabin\mintchoco\teampp\stagemanager.cpp(458): warning C4244: '=': 'int'에서 'float'(으)로 변환하면서 데이터가 손실될 수 있습니다.
c:\users\lsk23\source\repos\knabin\mintchoco\teampp\stagemanager.cpp(461): warning C4244: '=': 'int'에서 'float'(으)로 변환하면서 데이터가 손실될 수 있습니다.
c:\users\lsk23\source\repos\knabin\mintchoco\teampp\stagemanager.cpp(462): warning C4244: '=': 'int'에서 'float'(으)로 변환하면서 데이터가 손실될 수 있습니다.
c:\users\lsk23\source\repos\knabin\mintchoco\teampp\stagemanager.cpp(465): warning C4244: '=': 'int'에서 'float'(으)로 변환하면서 데이터가 손실될 수 있습니다.
c:\users\lsk23\source\repos\knabin\mintchoco\teampp\stagemanager.cpp(466): warning C4244: '=': 'int'에서 'float'(으)로 변환하면서 데이터가 손실될 수 있습니다.
c:\users\lsk23\source\repos\knabin\mintchoco\teampp\stagemanager.cpp(469): warning C4244: '=': 'int'에서 'float'(으)로 변환하면서 데이터가 손실될 수 있습니다.
c:\users\lsk23\source\repos\knabin\mintchoco\teampp\stagemanager.cpp(470): warning C4244: '=': 'int'에서 'float'(으)로 변환하면서 데이터가 손실될 수 있습니다.
c:\users\lsk23\source\repos\knabin\mintchoco\teampp\stagemanager.cpp(641): warning C4244: '인수': 'float'에서 'int'(으)로 변환하면서 데이터가 손실될 수 있습니다.
c:\users\lsk23\source\repos\knabin\mintchoco\teampp\stagemanager.cpp(643): warning C4244: '인수': 'float'에서 'int'(으)로 변환하면서 데이터가 손실될 수 있습니다.
c:\users\lsk23\source\repos\knabin\mintchoco\teampp\stagemanager.cpp(645): warning C4244: '인수': 'float'에서 'int'(으)로 변환하면서 데이터가 손실될 수 있습니다.
c:\users\lsk23\source\repos\knabin\mintchoco\teampp\stagemanager.cpp(647): warning C4244: '인수': 'float'에서 'int'(으)로 변환하면서 데이터가 손실될 수 있습니다.
c:\users\lsk23\source\repos\knabin\mintchoco\teampp\stagemanager.cpp(649): warning C4244: '인수': 'float'에서 'int'(으)로 변환하면서 데이터가 손실될 수 있습니다.
c:\users\lsk23\source\repos\knabin\mintchoco\teampp\stagemanager.cpp(654): warning C4244: '인수': 'float'에서 'int'(으)로 변환하면서 데이터가 손실될 수 있습니다.
c:\users\lsk23\source\repos\knabin\mintchoco\teampp\stagemanager.cpp(656): warning C4244: '인수': 'float'에서 'int'(으)로 변환하면서 데이터가 손실될 수 있습니다.
c:\users\lsk23\source\repos\knabin\mintchoco\teampp\stagemanager.cpp(658): warning C4244: '인수': 'float'에서 'int'(으)로 변환하면서 데이터가 손실될 수 있습니다.
c:\users\lsk23\source\repos\knabin\mintchoco\teampp\stagemanager.cpp(660): warning C4244: '인수': 'float'에서 'int'(으)로 변환하면서 데이터가 손실될 수 있습니다.
c:\users\lsk23\source\repos\knabin\mintchoco\teampp\stagemanager.cpp(665): warning C4244: '인수': 'float'에서 'int'(으)로 변환하면서 데이터가 손실될 수 있습니다.
c:\users\lsk23\source\repos\knabin\mintchoco\teampp\stagemanager.cpp(669): warning C4244: '인수': 'float'에서 'int'(으)로 변환하면서 데이터가 손실될 수 있습니다.
c:\users\lsk23\source\repos\knabin\mintchoco\teampp\stagemanager.cpp(673): warning C4244: '인수': 'float'에서 'int'(으)로 변환하면서 데이터가 손실될 수 있습니다.
c:\users\lsk23\source\repos\knabin\mintchoco\teampp\stagemanager.cpp(678): warning C4244: '인수': 'float'에서 'int'(으)로 변환하면서 데이터가 손실될 수 있습니다.
c:\users\lsk23\source\repos\knabin\mintchoco\teampp\stagemanager.cpp(680): warning C4244: '인수': 'float'에서 'int'(으)로 변환하면서 데이터가 손실될 수 있습니다.
c:\users\lsk23\source\repos\knabin\mintchoco\teampp\stagemanager.cpp(682): warning C4244: '인수': 'float'에서 'int'(으)로 변환하면서 데이터가 손실될 수 있습니다.
c:\users\lsk23\source\repos\knabin\mintchoco\teampp\stagemanager.cpp(684): warning C4244: '인수': 'float'에서 'int'(으)로 변환하면서 데이터가 손실될 수 있습니다.
c:\users\lsk23\source\repos\knabin\mintchoco\teampp\stagemanager.cpp(686): warning C4244: '인수': 'float'에서 'int'(으)로 변환하면서 데이터가 손실될 수 있습니다.
  timeManager.cpp
c:\users\lsk23\source\repos\knabin\mintchoco\teampp\timemanager.cpp(61): warning C4267: '인수': 'size_t'에서 'int'(으)로 변환하면서 데이터가 손실될 수 있습니다.
  timer.cpp
c:\users\lsk23\source\repos\knabin\mintchoco\teampp\timer.cpp(61): warning C4244: '=': 'float'에서 'unsigned long'(으)로 변환하면서 데이터가 손실될 수 있습니다.
  txtData.cpp
  컴파일하고 있습니다...
  UiManager.cpp
c:\users\lsk23\source\repos\knabin\mintchoco\teampp\uimanager.cpp(21): warning C4244: '인수': 'float'에서 'int'(으)로 변환하면서 데이터가 손실될 수 있습니다.
c:\users\lsk23\source\repos\knabin\mintchoco\teampp\uimanager.cpp(34): warning C4244: '인수': 'float'에서 'int'(으)로 변환하면서 데이터가 손실될 수 있습니다.
c:\users\lsk23\source\repos\knabin\mintchoco\teampp\uimanager.cpp(45): warning C4244: '인수': 'float'에서 'int'(으)로 변환하면서 데이터가 손실될 수 있습니다.
c:\users\lsk23\source\repos\knabin\mintchoco\teampp\uimanager.cpp(59): warning C4244: '인수': 'float'에서 'int'(으)로 변환하면서 데이터가 손실될 수 있습니다.
c:\users\lsk23\source\repos\knabin\mintchoco\teampp\uimanager.cpp(71): warning C4244: '인수': 'float'에서 'int'(으)로 변환하면서 데이터가 손실될 수 있습니다.
c:\users\lsk23\source\repos\knabin\mintchoco\teampp\uimanager.cpp(91): warning C4244: '인수': 'float'에서 'int'(으)로 변환하면서 데이터가 손실될 수 있습니다.
c:\users\lsk23\source\repos\knabin\mintchoco\teampp\uimanager.cpp(102): warning C4244: '인수': 'float'에서 'int'(으)로 변환하면서 데이터가 손실될 수 있습니다.
c:\users\lsk23\source\repos\knabin\mintchoco\teampp\uimanager.cpp(111): warning C4244: '인수': 'float'에서 'int'(으)로 변환하면서 데이터가 손실될 수 있습니다.
c:\users\lsk23\source\repos\knabin\mintchoco\teampp\uimanager.cpp(173): warning C4244: '인수': 'float'에서 'int'(으)로 변환하면서 데이터가 손실될 수 있습니다.
c:\users\lsk23\source\repos\knabin\mintchoco\teampp\uimanager.cpp(175): warning C4244: '인수': 'float'에서 'int'(으)로 변환하면서 데이터가 손실될 수 있습니다.
c:\users\lsk23\source\repos\knabin\mintchoco\teampp\uimanager.cpp(179): warning C4244: '인수': 'float'에서 'int'(으)로 변환하면서 데이터가 손실될 수 있습니다.
c:\users\lsk23\source\repos\knabin\mintchoco\teampp\uimanager.cpp(182): warning C4244: '인수': 'float'에서 'int'(으)로 변환하면서 데이터가 손실될 수 있습니다.
c:\users\lsk23\source\repos\knabin\mintchoco\teampp\uimanager.cpp(188): warning C4244: '인수': 'float'에서 'int'(으)로 변환하면서 데이터가 손실될 수 있습니다.
c:\users\lsk23\source\repos\knabin\mintchoco\teampp\uimanager.cpp(190): warning C4244: '인수': 'float'에서 'int'(으)로 변환하면서 데이터가 손실될 수 있습니다.
c:\users\lsk23\source\repos\knabin\mintchoco\teampp\uimanager.cpp(194): warning C4244: '인수': 'float'에서 'int'(으)로 변환하면서 데이터가 손실될 수 있습니다.
c:\users\lsk23\source\repos\knabin\mintchoco\teampp\uimanager.cpp(196): warning C4244: '인수': 'float'에서 'int'(으)로 변환하면서 데이터가 손실될 수 있습니다.
c:\users\lsk23\source\repos\knabin\mintchoco\teampp\uimanager.cpp(280): warning C4244: '인수': 'float'에서 'int'(으)로 변환하면서 데이터가 손실될 수 있습니다.
c:\users\lsk23\source\repos\knabin\mintchoco\teampp\uimanager.cpp(284): warning C4244: '인수': 'float'에서 'int'(으)로 변환하면서 데이터가 손실될 수 있습니다.
c:\users\lsk23\source\repos\knabin\mintchoco\teampp\uimanager.cpp(288): warning C4244: '인수': 'float'에서 'int'(으)로 변환하면서 데이터가 손실될 수 있습니다.
c:\users\lsk23\source\repos\knabin\mintchoco\teampp\uimanager.cpp(292): warning C4244: '인수': 'float'에서 'int'(으)로 변환하면서 데이터가 손실될 수 있습니다.
c:\users\lsk23\source\repos\knabin\mintchoco\teampp\uimanager.cpp(296): warning C4244: '인수': 'float'에서 'int'(으)로 변환하면서 데이터가 손실될 수 있습니다.
c:\users\lsk23\source\repos\knabin\mintchoco\teampp\uimanager.cpp(250): warning C4101: 'str' :참조되지 않은 지역 변수입니다.
c:\users\lsk23\source\repos\knabin\mintchoco\teampp\uimanager.cpp(304): warning C4244: '인수': 'float'에서 'int'(으)로 변환하면서 데이터가 손실될 수 있습니다.
c:\users\lsk23\source\repos\knabin\mintchoco\teampp\uimanager.cpp(403): warning C4267: '=': 'size_t'에서 'int'(으)로 변환하면서 데이터가 손실될 수 있습니다.
  utils.cpp
  windowsAPI.cpp
c:\users\lsk23\source\repos\knabin\mintchoco\teampp\enemy.h(137): warning C4244: 'return': 'int'에서 'float'(으)로 변환하면서 데이터가 손실될 수 있습니다.
c:\users\lsk23\source\repos\knabin\mintchoco\teampp\enemy.h(159): warning C4244: '인수': 'int'에서 'float'(으)로 변환하면서 데이터가 손실될 수 있습니다.
c:\users\lsk23\source\repos\knabin\mintchoco\teampp\windowsapi.cpp(92): warning C4244: 'return': 'WPARAM'에서 'int'(으)로 변환하면서 데이터가 손실될 수 있습니다.
  zOrder.cpp
c:\users\lsk23\source\repos\knabin\mintchoco\teampp\zorder.cpp(21): warning C4267: '인수': 'size_t'에서 'int'(으)로 변환하면서 데이터가 손실될 수 있습니다.
c:\users\lsk23\source\repos\knabin\mintchoco\teampp\zorder.cpp(66): warning C4244: '인수': 'float'에서 'int'(으)로 변환하면서 데이터가 손실될 수 있습니다.
c:\users\lsk23\source\repos\knabin\mintchoco\teampp\zorder.cpp(72): warning C4244: '인수': 'float'에서 'int'(으)로 변환하면서 데이터가 손실될 수 있습니다.
c:\users\lsk23\source\repos\knabin\mintchoco\teampp\zorder.cpp(77): warning C4244: '인수': 'float'에서 'int'(으)로 변환하면서 데이터가 손실될 수 있습니다.
c:\users\lsk23\source\repos\knabin\mintchoco\teampp\zorder.cpp(82): warning C4244: '인수': 'float'에서 'int'(으)로 변환하면서 데이터가 손실될 수 있습니다.
c:\users\lsk23\source\repos\knabin\mintchoco\teampp\zorder.cpp(136): warning C4244: '=': 'float'에서 'int'(으)로 변환하면서 데이터가 손실될 수 있습니다.
c:\users\lsk23\source\repos\knabin\mintchoco\teampp\zorder.cpp(137): warning C4244: '=': 'float'에서 'int'(으)로 변환하면서 데이터가 손실될 수 있습니다.
c:\users\lsk23\source\repos\knabin\mintchoco\teampp\zorder.cpp(152): warning C4244: '=': 'float'에서 'int'(으)로 변환하면서 데이터가 손실될 수 있습니다.
c:\users\lsk23\source\repos\knabin\mintchoco\teampp\zorder.cpp(153): warning C4244: '=': 'float'에서 'int'(으)로 변환하면서 데이터가 손실될 수 있습니다.
  코드를 생성하고 있습니다.
c:\users\lsk23\source\repos\knabin\mintchoco\teampp\txtdata.cpp(58): warning C4172: 지역 변수 또는 임시: str의 주소를 반환하고 있습니다.
  All 2094 functions were compiled because no usable IPDB/IOBJ from previous compilation was found.
  코드를 생성했습니다.
  windowsAPI.vcxproj -> C:\Users\lsk23\source\repos\Knabin\mintchoco\teampp\x64\Release\windowsAPI.exe
